<?xml version="1.0" encoding="UTF-8"?>
<!-- Generated by org.testng.reporters.JUnitReportReporter -->
<testsuite hostname="lovely" failures="0" tests="1" name="com.webtest.demo.SendMail" time="19.879" errors="0" timestamp="04 12æœˆ 2018 09:16:53 GMT" skipped="0">
  <testcase classname="com.webtest.demo.SendMail" name="mail" time="19.879"/>
</testsuite> <!-- com.webtest.demo.SendMail -->
